

Microchip MPLAB XC8 Assembler V2.31 build 20201012212115 
                                                                                               Wed Dec 02 16:58:21 2020

Microchip MPLAB XC8 C Compiler v2.31 (Free license) build 20201012212115 Og1 
     1                           	processor	18F4550
     2                           	fnconf	rparam,??,?,0
     3                           	pagewidth 120
     4                           	opt	flic
     5                           	psect	cinit,global,reloc=2,class=CODE,delta=1
     6                           	psect	cstackCOMRAM,global,class=COMRAM,space=1,delta=1,lowdata,noexec
     7                           	psect	text0,global,reloc=2,class=CODE,delta=1
     8                           	psect	text1,global,reloc=2,class=CODE,delta=1
     9                           	psect	text2,global,reloc=2,class=CODE,delta=1
    10                           	psect	intsave_regs,global,class=BIGRAM,space=1,delta=1,noexec
    11                           	psect	rparam,global,class=COMRAM,space=1,delta=1,noexec
    12                           	psect	idloc,global,abs,ovrld,class=IDLOC,space=5,delta=1,noexec
    13                           	psect	config,global,abs,ovrld,class=CONFIG,space=4,delta=1,noexec
    14  0000                     
    15                           ; Version 2.20
    16                           ; Generated 12/02/2020 GMT
    17                           ; 
    18                           ; Copyright © 2020, Microchip Technology Inc. and its subsidiaries ("Microchip")
    19                           ; All rights reserved.
    20                           ; 
    21                           ; This software is developed by Microchip Technology Inc. and its subsidiaries ("Microch
      +                          ip").
    22                           ; 
    23                           ; Redistribution and use in source and binary forms, with or without modification, are
    24                           ; permitted provided that the following conditions are met:
    25                           ; 
    26                           ;     1. Redistributions of source code must retain the above copyright notice, this lis
      +                          t of
    27                           ;        conditions and the following disclaimer.
    28                           ; 
    29                           ;     2. Redistributions in binary form must reproduce the above copyright notice, this 
      +                          list
    30                           ;        of conditions and the following disclaimer in the documentation and/or other
    31                           ;        materials provided with the distribution.
    32                           ; 
    33                           ;     3. Microchip's name may not be used to endorse or promote products derived from th
      +                          is
    34                           ;        software without specific prior written permission.
    35                           ; 
    36                           ; THIS SOFTWARE IS PROVIDED BY MICROCHIP "AS IS" AND ANY EXPRESS OR IMPLIED WARRANTIES,
    37                           ; INCLUDING, BUT NOT LIMITED TO, THE IMPLIED WARRANTIES OF MERCHANTABILITY AND FITNESS F
      +                          OR
    38                           ; PURPOSE ARE DISCLAIMED.  IN NO EVENT SHALL MICROCHIP BE LIABLE FOR ANY DIRECT, INDIREC
      +                          T,
    39                           ; INCIDENTAL, SPECIAL, EXEMPLARY, OR CONSEQUENTIAL DAMAGES (INCLUDING BUT NOT LIMITED TO
    40                           ; PROCUREMENT OF SUBSTITUTE GOODS OR SERVICES; LOSS OF USE, DATA OR PROFITS; OR BUSINESS
    41                           ; INTERRUPTION) HOWSOEVER CAUSED AND ON ANY THEORY OF LIABILITY, WHETHER IN CONTRACT, ST
      +                          RICT
    42                           ; LIABILITY, OR TORT (INCLUDING NEGLIGENCE OR OTHERWISE) ARISING IN ANY WAY OUT OF THE U
      +                          SE OF
    43                           ; THIS SOFTWARE, EVEN IF ADVISED OF THE POSSIBILITY OF SUCH DAMAGE.
    44                           ; 
    45                           ; 
    46                           ; Code-generator required, PIC18F4550 Definitions
    47                           ; 
    48                           ; SFR Addresses
    49  0000                     _ADRESH	set	4036
    50  0000                     _ADCON2bits	set	4032
    51  0000                     _ADCON0bits	set	4034
    52  0000                     _ADCON1bits	set	4033
    53  0000                     _LATD	set	3980
    54  0000                     _OSCCONbits	set	4051
    55  0000                     _TRISA	set	3986
    56  0000                     _TRISD	set	3989
    57                           
    58                           ; #config settings
    59                           
    60                           	psect	cinit
    61  007F9C                     __pcinit:
    62                           	callstack 0
    63  007F9C                     start_initialization:
    64                           	callstack 0
    65  007F9C                     __initialization:
    66                           	callstack 0
    67  007F9C                     end_of_initialization:
    68                           	callstack 0
    69  007F9C                     __end_of__initialization:
    70                           	callstack 0
    71  007F9C  0100               	movlb	0
    72  007F9E  EFDB  F03F         	goto	_main	;jump to C main() function
    73                           
    74                           	psect	cstackCOMRAM
    75  000000                     __pcstackCOMRAM:
    76                           	callstack 0
    77  000000                     
    78                           ; 1 bytes @ 0x0
    79 ;;
    80 ;;Main: autosize = 0, tempsize = 0, incstack = 0, save=0
    81 ;;
    82 ;; *************** function _main *****************
    83 ;; Defined at:
    84 ;;		line 6 in file "adc_pot.c"
    85 ;; Parameters:    Size  Location     Type
    86 ;;		None
    87 ;; Auto vars:     Size  Location     Type
    88 ;;		None
    89 ;; Return value:  Size  Location     Type
    90 ;;                  1    wreg      void 
    91 ;; Registers used:
    92 ;;		wreg, status,2, cstack
    93 ;; Tracked objects:
    94 ;;		On entry : 0/0
    95 ;;		On exit  : 0/0
    96 ;;		Unchanged: 0/0
    97 ;; Data sizes:     COMRAM   BANK0   BANK1   BANK2   BANK3   BANK4   BANK5   BANK6   BANK7
    98 ;;      Params:         0       0       0       0       0       0       0       0       0
    99 ;;      Locals:         0       0       0       0       0       0       0       0       0
   100 ;;      Temps:          0       0       0       0       0       0       0       0       0
   101 ;;      Totals:         0       0       0       0       0       0       0       0       0
   102 ;;Total ram usage:        0 bytes
   103 ;; Hardware stack levels required when called:    1
   104 ;; This function calls:
   105 ;;		_adc_init
   106 ;;		_adc_read
   107 ;; This function is called by:
   108 ;;		Startup code after reset
   109 ;; This function uses a non-reentrant model
   110 ;;
   111                           
   112                           	psect	text0
   113  007FB6                     __ptext0:
   114                           	callstack 0
   115  007FB6                     _main:
   116                           	callstack 30
   117  007FB6                     
   118                           ;adc_pot.c: 7:     TRISD = 0x00;
   119  007FB6  0E00               	movlw	0
   120  007FB8  6E95               	movwf	149,c	;volatile
   121  007FBA                     
   122                           ;adc_pot.c: 8:     TRISA = 0xFF;
   123  007FBA  6892               	setf	146,c	;volatile
   124                           
   125                           ;adc_pot.c: 9:     OSCCONbits.IRCF = 0b111;
   126  007FBC  0E70               	movlw	112
   127  007FBE  12D3               	iorwf	211,f,c	;volatile
   128                           
   129                           ;adc_pot.c: 10:     OSCCONbits.SCS = 0b10;
   130  007FC0  50D3               	movf	211,w,c	;volatile
   131  007FC2  0BFC               	andlw	-4
   132  007FC4  0902               	iorlw	2
   133  007FC6  6ED3               	movwf	211,c	;volatile
   134  007FC8                     
   135                           ;adc_pot.c: 12:     adc_init();
   136  007FC8  ECED  F03F         	call	_adc_init	;wreg free
   137  007FCC                     l731:
   138                           
   139                           ;adc_pot.c: 27:         LATD = adc_read();
   140  007FCC  ECD1  F03F         	call	_adc_read	;wreg free
   141  007FD0  6E8C               	movwf	140,c	;volatile
   142  007FD2  EFE6  F03F         	goto	l731
   143  007FD6  EF00  F000         	goto	start
   144  007FDA                     __end_of_main:
   145                           	callstack 0
   146                           
   147 ;; *************** function _adc_read *****************
   148 ;; Defined at:
   149 ;;		line 19 in file "adc_lib.c"
   150 ;; Parameters:    Size  Location     Type
   151 ;;		None
   152 ;; Auto vars:     Size  Location     Type
   153 ;;		None
   154 ;; Return value:  Size  Location     Type
   155 ;;                  1    wreg      unsigned char 
   156 ;; Registers used:
   157 ;;		wreg, status,2
   158 ;; Tracked objects:
   159 ;;		On entry : 0/0
   160 ;;		On exit  : 0/0
   161 ;;		Unchanged: 0/0
   162 ;; Data sizes:     COMRAM   BANK0   BANK1   BANK2   BANK3   BANK4   BANK5   BANK6   BANK7
   163 ;;      Params:         0       0       0       0       0       0       0       0       0
   164 ;;      Locals:         0       0       0       0       0       0       0       0       0
   165 ;;      Temps:          0       0       0       0       0       0       0       0       0
   166 ;;      Totals:         0       0       0       0       0       0       0       0       0
   167 ;;Total ram usage:        0 bytes
   168 ;; Hardware stack levels used:    1
   169 ;; This function calls:
   170 ;;		Nothing
   171 ;; This function is called by:
   172 ;;		_main
   173 ;; This function uses a non-reentrant model
   174 ;;
   175                           
   176                           	psect	text1
   177  007FA2                     __ptext1:
   178                           	callstack 0
   179  007FA2                     _adc_read:
   180                           	callstack 30
   181  007FA2                     
   182                           ;adc_lib.c: 20:     ADCON0bits.GO_DONE = 1;
   183  007FA2  82C2               	bsf	194,1,c	;volatile
   184  007FA4                     l34:
   185  007FA4  B2C2               	btfsc	194,1,c	;volatile
   186  007FA6  EFD7  F03F         	goto	u11
   187  007FAA  EFD9  F03F         	goto	u10
   188  007FAE                     u11:
   189  007FAE  EFD2  F03F         	goto	l34
   190  007FB2                     u10:
   191  007FB2                     
   192                           ;adc_lib.c: 22:     return ADRESH;
   193  007FB2  50C4               	movf	196,w,c	;volatile
   194  007FB4  0012               	return		;funcret
   195  007FB6                     __end_of_adc_read:
   196                           	callstack 0
   197                           
   198 ;; *************** function _adc_init *****************
   199 ;; Defined at:
   200 ;;		line 7 in file "adc_lib.c"
   201 ;; Parameters:    Size  Location     Type
   202 ;;		None
   203 ;; Auto vars:     Size  Location     Type
   204 ;;		None
   205 ;; Return value:  Size  Location     Type
   206 ;;                  1    wreg      void 
   207 ;; Registers used:
   208 ;;		wreg, status,2
   209 ;; Tracked objects:
   210 ;;		On entry : 0/0
   211 ;;		On exit  : 0/0
   212 ;;		Unchanged: 0/0
   213 ;; Data sizes:     COMRAM   BANK0   BANK1   BANK2   BANK3   BANK4   BANK5   BANK6   BANK7
   214 ;;      Params:         0       0       0       0       0       0       0       0       0
   215 ;;      Locals:         0       0       0       0       0       0       0       0       0
   216 ;;      Temps:          0       0       0       0       0       0       0       0       0
   217 ;;      Totals:         0       0       0       0       0       0       0       0       0
   218 ;;Total ram usage:        0 bytes
   219 ;; Hardware stack levels used:    1
   220 ;; This function calls:
   221 ;;		Nothing
   222 ;; This function is called by:
   223 ;;		_main
   224 ;; This function uses a non-reentrant model
   225 ;;
   226                           
   227                           	psect	text2
   228  007FDA                     __ptext2:
   229                           	callstack 0
   230  007FDA                     _adc_init:
   231                           	callstack 30
   232  007FDA                     
   233                           ;adc_lib.c: 8:     ADCON1bits.PCFG = 0b1110;
   234  007FDA  50C1               	movf	193,w,c	;volatile
   235  007FDC  0BF0               	andlw	-16
   236  007FDE  090E               	iorlw	14
   237  007FE0  6EC1               	movwf	193,c	;volatile
   238                           
   239                           ;adc_lib.c: 9:     ADCON1bits.VCFG = 0b00;
   240  007FE2  0ECF               	movlw	-49
   241  007FE4  16C1               	andwf	193,f,c	;volatile
   242                           
   243                           ;adc_lib.c: 10:     ADCON0bits.CHS = 0b0000;
   244  007FE6  0EC3               	movlw	-61
   245  007FE8  16C2               	andwf	194,f,c	;volatile
   246                           
   247                           ;adc_lib.c: 11:     ADCON2bits.ACQT = 0b010;
   248  007FEA  50C0               	movf	192,w,c	;volatile
   249  007FEC  0BC7               	andlw	-57
   250  007FEE  0910               	iorlw	16
   251  007FF0  6EC0               	movwf	192,c	;volatile
   252                           
   253                           ;adc_lib.c: 12:     ADCON2bits.ADCS = 0b001;
   254  007FF2  50C0               	movf	192,w,c	;volatile
   255  007FF4  0BF8               	andlw	-8
   256  007FF6  0901               	iorlw	1
   257  007FF8  6EC0               	movwf	192,c	;volatile
   258  007FFA                     
   259                           ;adc_lib.c: 13:     ADCON2bits.ADFM = 0;
   260  007FFA  9EC0               	bcf	192,7,c	;volatile
   261  007FFC                     
   262                           ;adc_lib.c: 14:     ADCON0bits.ADON = 1;
   263  007FFC  80C2               	bsf	194,0,c	;volatile
   264  007FFE  0012               	return		;funcret
   265  008000                     __end_of_adc_init:
   266                           	callstack 0
   267  0000                     
   268                           	psect	rparam
   269  0000                     
   270                           	psect	idloc
   271                           
   272                           ;Config register IDLOC0 @ 0x200000
   273                           ;	unspecified, using default values
   274  200000                     	org	2097152
   275  200000  FF                 	db	255
   276                           
   277                           ;Config register IDLOC1 @ 0x200001
   278                           ;	unspecified, using default values
   279  200001                     	org	2097153
   280  200001  FF                 	db	255
   281                           
   282                           ;Config register IDLOC2 @ 0x200002
   283                           ;	unspecified, using default values
   284  200002                     	org	2097154
   285  200002  FF                 	db	255
   286                           
   287                           ;Config register IDLOC3 @ 0x200003
   288                           ;	unspecified, using default values
   289  200003                     	org	2097155
   290  200003  FF                 	db	255
   291                           
   292                           ;Config register IDLOC4 @ 0x200004
   293                           ;	unspecified, using default values
   294  200004                     	org	2097156
   295  200004  FF                 	db	255
   296                           
   297                           ;Config register IDLOC5 @ 0x200005
   298                           ;	unspecified, using default values
   299  200005                     	org	2097157
   300  200005  FF                 	db	255
   301                           
   302                           ;Config register IDLOC6 @ 0x200006
   303                           ;	unspecified, using default values
   304  200006                     	org	2097158
   305  200006  FF                 	db	255
   306                           
   307                           ;Config register IDLOC7 @ 0x200007
   308                           ;	unspecified, using default values
   309  200007                     	org	2097159
   310  200007  FF                 	db	255
   311                           
   312                           	psect	config
   313                           
   314                           ;Config register CONFIG1L @ 0x300000
   315                           ;	PLL Prescaler Selection bits
   316                           ;	PLLDIV = 1, No prescale (4 MHz oscillator input drives PLL directly)
   317                           ;	System Clock Postscaler Selection bits
   318                           ;	CPUDIV = OSC1_PLL2, [Primary Oscillator Src: /1][96 MHz PLL Src: /2]
   319                           ;	USB Clock Selection bit (used in Full-Speed USB mode only; UCFG:FSEN = 1)
   320                           ;	USBDIV = 1, USB clock source comes directly from the primary oscillator block with no 
      +                          postscale
   321  300000                     	org	3145728
   322  300000  00                 	db	0
   323                           
   324                           ;Config register CONFIG1H @ 0x300001
   325                           ;	Oscillator Selection bits
   326                           ;	FOSC = INTOSCIO_EC, Internal oscillator, port function on RA6, EC used by USB (INTIO)
   327                           ;	Fail-Safe Clock Monitor Enable bit
   328                           ;	FCMEN = OFF, Fail-Safe Clock Monitor disabled
   329                           ;	Internal/External Oscillator Switchover bit
   330                           ;	IESO = ON, Oscillator Switchover mode enabled
   331  300001                     	org	3145729
   332  300001  88                 	db	136
   333                           
   334                           ;Config register CONFIG2L @ 0x300002
   335                           ;	Power-up Timer Enable bit
   336                           ;	PWRT = ON, PWRT enabled
   337                           ;	Brown-out Reset Enable bits
   338                           ;	BOR = OFF, Brown-out Reset disabled in hardware and software
   339                           ;	Brown-out Reset Voltage bits
   340                           ;	BORV = 3, Minimum setting 2.05V
   341                           ;	USB Voltage Regulator Enable bit
   342                           ;	VREGEN = OFF, USB voltage regulator disabled
   343  300002                     	org	3145730
   344  300002  18                 	db	24
   345                           
   346                           ;Config register CONFIG2H @ 0x300003
   347                           ;	Watchdog Timer Enable bit
   348                           ;	WDT = OFF, WDT disabled (control is placed on the SWDTEN bit)
   349                           ;	Watchdog Timer Postscale Select bits
   350                           ;	WDTPS = 32768, 1:32768
   351  300003                     	org	3145731
   352  300003  1E                 	db	30
   353                           
   354                           ; Padding undefined space
   355  300004                     	org	3145732
   356  300004  FF                 	db	255
   357                           
   358                           ;Config register CONFIG3H @ 0x300005
   359                           ;	CCP2 MUX bit
   360                           ;	CCP2MX = ON, CCP2 input/output is multiplexed with RC1
   361                           ;	PORTB A/D Enable bit
   362                           ;	PBADEN = OFF, PORTB<4:0> pins are configured as digital I/O on Reset
   363                           ;	Low-Power Timer 1 Oscillator Enable bit
   364                           ;	LPT1OSC = OFF, Timer1 configured for higher power operation
   365                           ;	MCLR Pin Enable bit
   366                           ;	MCLRE = OFF, RE3 input pin enabled; MCLR pin disabled
   367  300005                     	org	3145733
   368  300005  01                 	db	1
   369                           
   370                           ;Config register CONFIG4L @ 0x300006
   371                           ;	Stack Full/Underflow Reset Enable bit
   372                           ;	STVREN = ON, Stack full/underflow will cause Reset
   373                           ;	Single-Supply ICSP Enable bit
   374                           ;	LVP = OFF, Single-Supply ICSP disabled
   375                           ;	Dedicated In-Circuit Debug/Programming Port (ICPORT) Enable bit
   376                           ;	ICPRT = OFF, ICPORT disabled
   377                           ;	Extended Instruction Set Enable bit
   378                           ;	XINST = OFF, Instruction set extension and Indexed Addressing mode disabled (Legacy mo
      +                          de)
   379                           ;	Background Debugger Enable bit
   380                           ;	DEBUG = 0x1, unprogrammed default
   381  300006                     	org	3145734
   382  300006  81                 	db	129
   383                           
   384                           ; Padding undefined space
   385  300007                     	org	3145735
   386  300007  FF                 	db	255
   387                           
   388                           ;Config register CONFIG5L @ 0x300008
   389                           ;	Code Protection bit
   390                           ;	CP0 = OFF, Block 0 (000800-001FFFh) is not code-protected
   391                           ;	Code Protection bit
   392                           ;	CP1 = OFF, Block 1 (002000-003FFFh) is not code-protected
   393                           ;	Code Protection bit
   394                           ;	CP2 = OFF, Block 2 (004000-005FFFh) is not code-protected
   395                           ;	Code Protection bit
   396                           ;	CP3 = OFF, Block 3 (006000-007FFFh) is not code-protected
   397  300008                     	org	3145736
   398  300008  0F                 	db	15
   399                           
   400                           ;Config register CONFIG5H @ 0x300009
   401                           ;	Boot Block Code Protection bit
   402                           ;	CPB = OFF, Boot block (000000-0007FFh) is not code-protected
   403                           ;	Data EEPROM Code Protection bit
   404                           ;	CPD = OFF, Data EEPROM is not code-protected
   405  300009                     	org	3145737
   406  300009  C0                 	db	192
   407                           
   408                           ;Config register CONFIG6L @ 0x30000A
   409                           ;	Write Protection bit
   410                           ;	WRT0 = OFF, Block 0 (000800-001FFFh) is not write-protected
   411                           ;	Write Protection bit
   412                           ;	WRT1 = OFF, Block 1 (002000-003FFFh) is not write-protected
   413                           ;	Write Protection bit
   414                           ;	WRT2 = OFF, Block 2 (004000-005FFFh) is not write-protected
   415                           ;	Write Protection bit
   416                           ;	WRT3 = OFF, Block 3 (006000-007FFFh) is not write-protected
   417  30000A                     	org	3145738
   418  30000A  0F                 	db	15
   419                           
   420                           ;Config register CONFIG6H @ 0x30000B
   421                           ;	Configuration Register Write Protection bit
   422                           ;	WRTC = OFF, Configuration registers (300000-3000FFh) are not write-protected
   423                           ;	Boot Block Write Protection bit
   424                           ;	WRTB = OFF, Boot block (000000-0007FFh) is not write-protected
   425                           ;	Data EEPROM Write Protection bit
   426                           ;	WRTD = OFF, Data EEPROM is not write-protected
   427  30000B                     	org	3145739
   428  30000B  E0                 	db	224
   429                           
   430                           ;Config register CONFIG7L @ 0x30000C
   431                           ;	Table Read Protection bit
   432                           ;	EBTR0 = OFF, Block 0 (000800-001FFFh) is not protected from table reads executed in ot
      +                          her blocks
   433                           ;	Table Read Protection bit
   434                           ;	EBTR1 = OFF, Block 1 (002000-003FFFh) is not protected from table reads executed in ot
      +                          her blocks
   435                           ;	Table Read Protection bit
   436                           ;	EBTR2 = OFF, Block 2 (004000-005FFFh) is not protected from table reads executed in ot
      +                          her blocks
   437                           ;	Table Read Protection bit
   438                           ;	EBTR3 = OFF, Block 3 (006000-007FFFh) is not protected from table reads executed in ot
      +                          her blocks
   439  30000C                     	org	3145740
   440  30000C  0F                 	db	15
   441                           
   442                           ;Config register CONFIG7H @ 0x30000D
   443                           ;	Boot Block Table Read Protection bit
   444                           ;	EBTRB = OFF, Boot block (000000-0007FFh) is not protected from table reads executed in
      +                           other blocks
   445  30000D                     	org	3145741
   446  30000D  40                 	db	64
   447                           tosu	equ	0xFFF
   448                           tosh	equ	0xFFE
   449                           tosl	equ	0xFFD
   450                           stkptr	equ	0xFFC
   451                           pclatu	equ	0xFFB
   452                           pclath	equ	0xFFA
   453                           pcl	equ	0xFF9
   454                           tblptru	equ	0xFF8
   455                           tblptrh	equ	0xFF7
   456                           tblptrl	equ	0xFF6
   457                           tablat	equ	0xFF5
   458                           prodh	equ	0xFF4
   459                           prodl	equ	0xFF3
   460                           indf0	equ	0xFEF
   461                           postinc0	equ	0xFEE
   462                           postdec0	equ	0xFED
   463                           preinc0	equ	0xFEC
   464                           plusw0	equ	0xFEB
   465                           fsr0h	equ	0xFEA
   466                           fsr0l	equ	0xFE9
   467                           wreg	equ	0xFE8
   468                           indf1	equ	0xFE7
   469                           postinc1	equ	0xFE6
   470                           postdec1	equ	0xFE5
   471                           preinc1	equ	0xFE4
   472                           plusw1	equ	0xFE3
   473                           fsr1h	equ	0xFE2
   474                           fsr1l	equ	0xFE1
   475                           bsr	equ	0xFE0
   476                           indf2	equ	0xFDF
   477                           postinc2	equ	0xFDE
   478                           postdec2	equ	0xFDD
   479                           preinc2	equ	0xFDC
   480                           plusw2	equ	0xFDB
   481                           fsr2h	equ	0xFDA
   482                           fsr2l	equ	0xFD9
   483                           status	equ	0xFD8

Data Sizes:
    Strings     0
    Constant    0
    Data        0
    BSS         0
    Persistent  0
    Stack       0

Auto Spaces:
    Space          Size  Autos    Used
    COMRAM           95      0       0
    BANK0           160      0       0
    BANK1           256      0       0
    BANK2           256      0       0
    BANK3           256      0       0
    BANK4           256      0       0
    BANK5           256      0       0
    BANK6           256      0       0
    BANK7           256      0       0

Pointer List with Targets:

    None.

Critical Paths under _main in COMRAM

    None.

Critical Paths under _main in BANK0

    None.

Critical Paths under _main in BANK1

    None.

Critical Paths under _main in BANK2

    None.

Critical Paths under _main in BANK3

    None.

Critical Paths under _main in BANK4

    None.

Critical Paths under _main in BANK5

    None.

Critical Paths under _main in BANK6

    None.

Critical Paths under _main in BANK7

    None.

Call Graph Tables:

 ---------------------------------------------------------------------------------
 (Depth) Function   	        Calls       Base Space   Used Autos Params    Refs
 ---------------------------------------------------------------------------------
 (0) _main                                                 0     0      0       0
                           _adc_init
                           _adc_read
 ---------------------------------------------------------------------------------
 (1) _adc_read                                             0     0      0       0
 ---------------------------------------------------------------------------------
 (1) _adc_init                                             0     0      0       0
 ---------------------------------------------------------------------------------
 Estimated maximum stack depth 1
 ---------------------------------------------------------------------------------

 Call Graph Graphs:

 _main (ROOT)
   _adc_init
   _adc_read

 Address spaces:
Name               Size   Autos  Total    Cost      Usage
BITCOMRAM           5F      0       0       0        0.0%
EEDATA             100      0       0       0        0.0%
NULL                 0      0       0       0        0.0%
CODE                 0      0       0       0        0.0%
COMRAM              5F      0       0       1        0.0%
STACK                0      0       0       2        0.0%
DATA                 0      0       0       3        0.0%
BITBANK0            A0      0       0       4        0.0%
BANK0               A0      0       0       5        0.0%
BITBANK1           100      0       0       6        0.0%
BANK1              100      0       0       7        0.0%
BITBANK2           100      0       0       8        0.0%
BANK2              100      0       0       9        0.0%
BITBANK3           100      0       0      10        0.0%
BANK3              100      0       0      11        0.0%
BITBANK4           100      0       0      12        0.0%
BANK4              100      0       0      13        0.0%
BITBANK5           100      0       0      14        0.0%
BANK5              100      0       0      15        0.0%
BITBANK6           100      0       0      16        0.0%
BANK6              100      0       0      17        0.0%
BITBANK7           100      0       0      18        0.0%
BANK7              100      0       0      19        0.0%
ABS                  0      0       0      20        0.0%
BIGRAM             7FF      0       0      21        0.0%
BITSFR               0      0       0     200        0.0%
SFR                  0      0       0     200        0.0%


Microchip Technology PIC18 Macro Assembler V2.31 build 20201012212115 
Symbol Table                                                                                   Wed Dec 02 16:58:21 2020

                     l31 7FFE                       l34 7FA4                       l37 7FB4  
                     u10 7FB2                       u11 7FAE                      l713 7FDA  
                    l721 7FB2                      l715 7FFA                      l731 7FCC  
                    l717 7FFC                      l725 7FB6                      l719 7FA2  
                    l727 7FBA                      l729 7FC8                     _LATD 000F8C  
                   _main 7FB6                     start 0000             ___param_bank 000000  
                  ?_main 0000                    _TRISA 000F92                    _TRISD 000F95  
        __initialization 7F9C             __end_of_main 7FDA                   ??_main 0000  
          __activetblptr 000000                   _ADRESH 000FC4         __end_of_adc_init 8000  
       __end_of_adc_read 7FB6               __accesstop 0060  __end_of__initialization 7F9C  
          ___rparam_used 000001           __pcstackCOMRAM 0000                ?_adc_init 0000  
              ?_adc_read 0000                  __Hparam 0000                  __Lparam 0000  
                __pcinit 7F9C                  __ramtop 0800               ??_adc_init 0000  
             ??_adc_read 0000                  __ptext0 7FB6                  __ptext1 7FA2  
                __ptext2 7FDA     end_of_initialization 7F9C      start_initialization 7F9C  
      __size_of_adc_init 0026        __size_of_adc_read 0014               _ADCON0bits 000FC2  
             _ADCON1bits 000FC1               _ADCON2bits 000FC0                 __Hrparam 0000  
               __Lrparam 0000                 _adc_init 7FDA                 _adc_read 7FA2  
          __size_of_main 0024               _OSCCONbits 000FD3  
